<?xml version="1.0" encoding="UTF-8"?>
<!-- Generated by org.testng.reporters.JUnitXMLReporter -->
<testsuite ignored="0" hostname="Lenovo" failures="1" tests="1" name="Demo Android Apk" time="2.417" errors="0" timestamp="2022-05-11T13:38:24 IST">
  <testcase classname="tests.LaunchLogInLogOut" name="@AfterMethod TearDown" time="0.001">
    <failure type="java.lang.NullPointerException">
      <![CDATA[java.lang.NullPointerException
at tests.LaunchLogInLogOut.TearDown(LaunchLogInLogOut.java:48)
at java.base/java.util.ArrayList.forEach(ArrayList.java:1541)
... Removed 32 stack frames]]>
    </failure>
  </testcase> <!-- @AfterMethod TearDown -->
  <testcase classname="tests.LaunchLogInLogOut" name="InvokeTest" time="0.162">
    <failure type="java.lang.IllegalArgumentException" message="Can not set io.appium.java_client.android.AndroidElement field pages.Login.openMenuBtn to org.openqa.selenium.remote.RemoteWebElement$$EnhancerByCGLIB$$d27c0df4">
      <![CDATA[java.lang.IllegalArgumentException: Can not set io.appium.java_client.android.AndroidElement field pages.Login.openMenuBtn to org.openqa.selenium.remote.RemoteWebElement$$EnhancerByCGLIB$$d27c0df4
at org.openqa.selenium.support.PageFactory.proxyFields(PageFactory.java:117)
at org.openqa.selenium.support.PageFactory.initElements(PageFactory.java:105)
at pages.Login.<init>(Login.java:35)
at tests.LaunchLogInLogOut.InvokeTest(LaunchLogInLogOut.java:30)
at java.base/java.util.ArrayList.forEach(ArrayList.java:1541)
... Removed 31 stack frames]]>
    </failure>
  </testcase> <!-- InvokeTest -->
</testsuite> <!-- Demo Android Apk -->
