<?xml version="1.0" encoding="UTF-8"?>
<testng-results ignored="0" total="1" passed="1" failed="0" skipped="0">
  <reporter-output>
  </reporter-output>
  <suite started-at="2022-06-13T15:08:30 IST" name="Default suite" finished-at="2022-06-13T15:08:54 IST" duration-ms="24774">
    <groups>
    </groups>
    <test started-at="2022-06-13T15:08:30 IST" name="Default test" finished-at="2022-06-13T15:08:54 IST" duration-ms="24774">
      <class name="tests.DataParameterLogin">
        <test-method is-config="true" signature="InvokeApp()[pri:0, instance:tests.DataParameterLogin@15eb5ee5]" started-at="2022-06-13T15:08:30 IST" name="InvokeApp" finished-at="2022-06-13T15:08:42 IST" duration-ms="12592" status="PASS">
          <reporter-output>
          </reporter-output>
        </test-method> <!-- InvokeApp -->
        <test-method signature="InvokeTest(java.lang.String, java.lang.String)[pri:0, instance:tests.DataParameterLogin@15eb5ee5]" started-at="2022-06-13T15:08:42 IST" name="InvokeTest" data-provider="JSONData" finished-at="2022-06-13T15:08:54 IST" duration-ms="12027" status="PASS">
          <params>
            <param index="0">
              <value>
                <![CDATA[bob@example.com]]>
              </value>
            </param>
            <param index="1">
              <value>
                <![CDATA[10203040]]>
              </value>
            </param>
          </params>
          <reporter-output>
          </reporter-output>
        </test-method> <!-- InvokeTest -->
        <test-method is-config="true" signature="TearDown()[pri:0, instance:tests.DataParameterLogin@15eb5ee5]" started-at="2022-06-13T15:08:54 IST" name="TearDown" finished-at="2022-06-13T15:08:54 IST" duration-ms="101" status="PASS">
          <reporter-output>
          </reporter-output>
        </test-method> <!-- TearDown -->
      </class> <!-- tests.DataParameterLogin -->
    </test> <!-- Default test -->
  </suite> <!-- Default suite -->
</testng-results>
